# JRE version: OpenJDK Runtime Environment (8.0_242-b01) (build 1.8.0_242-release-1644-b01)
# Java VM: OpenJDK 64-Bit Server VM (25.242-b01 mixed mode windows-amd64 compressed oops)
Heap:
 PSYoungGen      total 609792K, used 378460K [0x00000000d5580000, 0x0000000100000000, 0x0000000100000000)
  eden space 535552K, 56% used [0x00000000d5580000,0x00000000e7e9ce98,0x00000000f6080000)
  from space 74240K, 99% used [0x00000000f6080000,0x00000000fa8fa360,0x00000000fa900000)
  to   space 89088K, 0% used [0x00000000fa900000,0x00000000fa900000,0x0000000100000000)
 ParOldGen       total 344576K, used 266993K [0x0000000080000000, 0x0000000095080000, 0x00000000d5580000)
  object space 344576K, 77% used [0x0000000080000000,0x00000000904bc490,0x0000000095080000)
 Metaspace       used 125325K, capacity 134820K, committed 135064K, reserved 1167360K
  class space    used 16290K, capacity 18046K, committed 18072K, reserved 1048576K
GC Heap History (10 events):
Event: 3625.651 GC heap before
{Heap before GC invocations=37 (full 4):
 PSYoungGen      total 590848K, used 534199K [0x00000000d5580000, 0x00000000ff480000, 0x0000000100000000)
  eden space 507904K, 100% used [0x00000000d5580000,0x00000000f4580000,0x00000000f4580000)
  from space 82944K, 31% used [0x00000000fa380000,0x00000000fbd2df68,0x00000000ff480000)
  to   space 89600K, 0% used [0x00000000f4580000,0x00000000f4580000,0x00000000f9d00000)
 ParOldGen       total 344576K, used 236101K [0x0000000080000000, 0x0000000095080000, 0x00000000d5580000)
  object space 344576K, 68% used [0x0000000080000000,0x000000008e691790,0x0000000095080000)
 Metaspace       used 124949K, capacity 134350K, committed 134552K, reserved 1165312K
  class space    used 16252K, capacity 18015K, committed 18072K, reserved 1048576K
Event: 3625.669 GC heap after
Heap after GC invocations=37 (full 4):
 PSYoungGen      total 516096K, used 24174K [0x00000000d5580000, 0x00000000fdc80000, 0x0000000100000000)
  eden space 491520K, 0% used [0x00000000d5580000,0x00000000d5580000,0x00000000f3580000)
  from space 24576K, 98% used [0x00000000f4580000,0x00000000f5d1b8a0,0x00000000f5d80000)
  to   space 85504K, 0% used [0x00000000f8900000,0x00000000f8900000,0x00000000fdc80000)
 ParOldGen       total 344576K, used 236109K [0x0000000080000000, 0x0000000095080000, 0x00000000d5580000)
  object space 344576K, 68% used [0x0000000080000000,0x000000008e693790,0x0000000095080000)
 Metaspace       used 124949K, capacity 134350K, committed 134552K, reserved 1165312K
  class space    used 16252K, capacity 18015K, committed 18072K, reserved 1048576K
}
Event: 3626.256 GC heap before
{Heap before GC invocations=38 (full 4):
 PSYoungGen      total 516096K, used 515694K [0x00000000d5580000, 0x00000000fdc80000, 0x0000000100000000)
  eden space 491520K, 100% used [0x00000000d5580000,0x00000000f3580000,0x00000000f3580000)
  from space 24576K, 98% used [0x00000000f4580000,0x00000000f5d1b8a0,0x00000000f5d80000)
  to   space 85504K, 0% used [0x00000000f8900000,0x00000000f8900000,0x00000000fdc80000)
 ParOldGen       total 344576K, used 236109K [0x0000000080000000, 0x0000000095080000, 0x00000000d5580000)
  object space 344576K, 68% used [0x0000000080000000,0x000000008e693790,0x0000000095080000)
 Metaspace       used 124977K, capacity 134354K, committed 134552K, reserved 1165312K
  class space    used 16252K, capacity 18015K, committed 18072K, reserved 1048576K
Event: 3626.279 GC heap after
Heap after GC invocations=38 (full 4):
 PSYoungGen      total 580608K, used 36788K [0x00000000d5580000, 0x0000000100000000, 0x0000000100000000)
  eden space 495104K, 0% used [0x00000000d5580000,0x00000000d5580000,0x00000000f3900000)
  from space 85504K, 43% used [0x00000000f8900000,0x00000000faced088,0x00000000fdc80000)
  to   space 81920K, 0% used [0x00000000f3900000,0x00000000f3900000,0x00000000f8900000)
 ParOldGen       total 344576K, used 236109K [0x0000000080000000, 0x0000000095080000, 0x00000000d5580000)
  object space 344576K, 68% used [0x0000000080000000,0x000000008e693790,0x0000000095080000)
 Metaspace       used 124977K, capacity 134354K, committed 134552K, reserved 1165312K
  class space    used 16252K, capacity 18015K, committed 18072K, reserved 1048576K
}
Event: 3627.059 GC heap before
{Heap before GC invocations=39 (full 4):
 PSYoungGen      total 580608K, used 531892K [0x00000000d5580000, 0x0000000100000000, 0x0000000100000000)
  eden space 495104K, 100% used [0x00000000d5580000,0x00000000f3900000,0x00000000f3900000)
  from space 85504K, 43% used [0x00000000f8900000,0x00000000faced088,0x00000000fdc80000)
  to   space 81920K, 0% used [0x00000000f3900000,0x00000000f3900000,0x00000000f8900000)
 ParOldGen       total 344576K, used 236109K [0x0000000080000000, 0x0000000095080000, 0x00000000d5580000)
  object space 344576K, 68% used [0x0000000080000000,0x000000008e693790,0x0000000095080000)
 Metaspace       used 125016K, capacity 134358K, committed 134552K, reserved 1165312K
  class space    used 16252K, capacity 18015K, committed 18072K, reserved 1048576K
Event: 3627.074 GC heap after
Heap after GC invocations=39 (full 4):
 PSYoungGen      total 577024K, used 23364K [0x00000000d5580000, 0x00000000ff580000, 0x0000000100000000)
  eden space 495104K, 0% used [0x00000000d5580000,0x00000000d5580000,0x00000000f3900000)
  from space 81920K, 28% used [0x00000000f3900000,0x00000000f4fd12d8,0x00000000f8900000)
  to   space 78336K, 0% used [0x00000000fa900000,0x00000000fa900000,0x00000000ff580000)
 ParOldGen       total 344576K, used 236109K [0x0000000080000000, 0x0000000095080000, 0x00000000d5580000)
  object space 344576K, 68% used [0x0000000080000000,0x000000008e693790,0x0000000095080000)
 Metaspace       used 125016K, capacity 134358K, committed 134552K, reserved 1165312K
  class space    used 16252K, capacity 18015K, committed 18072K, reserved 1048576K
}
Event: 3628.342 GC heap before
{Heap before GC invocations=40 (full 4):
 PSYoungGen      total 577024K, used 518468K [0x00000000d5580000, 0x00000000ff580000, 0x0000000100000000)
  eden space 495104K, 100% used [0x00000000d5580000,0x00000000f3900000,0x00000000f3900000)
  from space 81920K, 28% used [0x00000000f3900000,0x00000000f4fd12d8,0x00000000f8900000)
  to   space 78336K, 0% used [0x00000000fa900000,0x00000000fa900000,0x00000000ff580000)
 ParOldGen       total 344576K, used 236109K [0x0000000080000000, 0x0000000095080000, 0x00000000d5580000)
  object space 344576K, 68% used [0x0000000080000000,0x000000008e693790,0x0000000095080000)
 Metaspace       used 125046K, capacity 134498K, committed 134808K, reserved 1165312K
  class space    used 16252K, capacity 18015K, committed 18072K, reserved 1048576K
Event: 3628.366 GC heap after
Heap after GC invocations=40 (full 4):
 PSYoungGen      total 612864K, used 29987K [0x00000000d5580000, 0x00000000ff480000, 0x0000000100000000)
  eden space 535552K, 0% used [0x00000000d5580000,0x00000000d5580000,0x00000000f6080000)
  from space 77312K, 38% used [0x00000000fa900000,0x00000000fc648f10,0x00000000ff480000)
  to   space 74240K, 0% used [0x00000000f6080000,0x00000000f6080000,0x00000000fa900000)
 ParOldGen       total 344576K, used 236109K [0x0000000080000000, 0x0000000095080000, 0x00000000d5580000)
  object space 344576K, 68% used [0x0000000080000000,0x000000008e693790,0x0000000095080000)
 Metaspace       used 125046K, capacity 134498K, committed 134808K, reserved 1165312K
  class space    used 16252K, capacity 18015K, committed 18072K, reserved 1048576K
}
Event: 3629.688 GC heap before
{Heap before GC invocations=41 (full 4):
 PSYoungGen      total 612864K, used 565539K [0x00000000d5580000, 0x00000000ff480000, 0x0000000100000000)
  eden space 535552K, 100% used [0x00000000d5580000,0x00000000f6080000,0x00000000f6080000)
  from space 77312K, 38% used [0x00000000fa900000,0x00000000fc648f10,0x00000000ff480000)
  to   space 74240K, 0% used [0x00000000f6080000,0x00000000f6080000,0x00000000fa900000)
 ParOldGen       total 344576K, used 236109K [0x0000000080000000, 0x0000000095080000, 0x00000000d5580000)
  object space 344576K, 68% used [0x0000000080000000,0x000000008e693790,0x0000000095080000)
 Metaspace       used 125127K, capacity 134612K, committed 134808K, reserved 1165312K
  class space    used 16265K, capacity 18032K, committed 18072K, reserved 1048576K
Event: 3629.760 GC heap after
Heap after GC invocations=41 (full 4):
 PSYoungGen      total 609792K, used 74216K [0x00000000d5580000, 0x0000000100000000, 0x0000000100000000)
  eden space 535552K, 0% used [0x00000000d5580000,0x00000000d5580000,0x00000000f6080000)
  from space 74240K, 99% used [0x00000000f6080000,0x00000000fa8fa360,0x00000000fa900000)
  to   space 89088K, 0% used [0x00000000fa900000,0x00000000fa900000,0x0000000100000000)
 ParOldGen       total 344576K, used 266993K [0x0000000080000000, 0x0000000095080000, 0x00000000d5580000)
  object space 344576K, 77% used [0x0000000080000000,0x00000000904bc490,0x0000000095080000)
 Metaspace       used 125127K, capacity 134612K, committed 134808K, reserved 1165312K
  class space    used 16265K, capacity 18032K, committed 18072K, reserved 1048576K
}

